<?xml version="1.0" encoding="UTF-8"?>
<!-- Generated by org.testng.reporters.JUnitReportReporter -->
<testsuite skipped="0" hostname="WKWIN5154091" name="com.qa.test.CheckUrlTest" tests="2" failures="0" timestamp="30 Jan 2020 17:10:14 GMT" time="32.140" errors="0">
  <testcase name="checkUrl" time="13.392" classname="com.qa.test.CheckUrlTest"/>
  <testcase name="checkUrl" time="18.748" classname="com.qa.test.CheckUrlTest"/>
</testsuite> <!-- com.qa.test.CheckUrlTest -->
